19:35:36 **** Build of configuration Debug for project path ****
make all 
Building file: ../src/path.c
Invoking: GCC C Compiler
gcc -O0 -g3 -Wall -c -fmessage-length=0 -MMD -MP -MF"src/path.d" -MT"src/path.o" -o "src/path.o" "../src/path.c"
Finished building: ../src/path.c
 
Building file: ../path.c
Invoking: Cross GCC Compiler
gcc -O0 -g3 -Wall -c -fmessage-length=0 -MMD -MP -MF"path.d" -MT"path.o" -o "path.o" "../path.c"
../path.c:10:1: warning: type specifier missing, defaults to 'int' [-Wimplicit-int]
main()
^
../path.c:12:21: warning: suggest braces around initialization of subobject [-Wmissing-braces]
  char array[M][N]={0};
                    ^
                    {}
2 warnings generated.
Finished building: ../path.c
 
Building target: path
Invoking: MacOS X C Linker
gcc  -o "path"  ./src/path.o  ./path.o   
duplicate symbol _main in:
    ./src/path.o
    ./path.o
ld: 1 duplicate symbol for architecture x86_64
clang: error: linker command failed with exit code 1 (use -v to see invocation)
make: *** [path] Error 1

19:35:37 Build Finished (took 790ms)

