2018-02-14 10:06:23,058 [Worker-10] DEBUG class java.lang.Class - Starting Andmore Common Plugin...
2018-02-14 10:06:23,059 [Worker-10] DEBUG class java.lang.Class - Andmore Common Plugin started.
2018-02-14 10:06:23,059 [Worker-10] DEBUG class java.lang.Class - Starting Andmore Plugin...
2018-02-14 10:06:23,084 [Worker-10] DEBUG class java.lang.Class - Andmore Plugin started.
2018-02-14 10:06:23,208 [Worker-10] DEBUG class java.lang.Class - Starting Andmore Emulator Plugin...
2018-02-14 10:06:23,256 [Worker-10] DEBUG class java.lang.Class - Andmore Emulator Plugin started.
2018-02-14 10:06:27,657 [Worker-10] DEBUG class java.lang.Class - Starting Andmore Device Services Plugin...
2018-02-14 10:06:27,658 [Worker-10] DEBUG class java.lang.Class - Andmore Device Services Plugin started.
2018-02-14 10:06:27,762 [Worker-10] DEBUG class java.lang.Class - Starting Andmore Handset Plugin...
2018-02-14 10:06:27,763 [Worker-10] DEBUG class java.lang.Class - Andmore Handset Plugin started.
2018-02-14 10:06:27,856 [Worker-10] DEBUG class java.lang.Class - Starting Andmore Remote Device Plugin...
2018-02-14 10:06:27,857 [Worker-10] DEBUG class java.lang.Class - Starting Andmore Remote Device Plugin started.
2018-02-14 10:06:27,877 [Worker-10] ERROR Studio for Android - Handler could not be instanced(PLUGIN=org.eclipse.sequoyah.device.framework;ERROR=202)
2018-02-14 10:06:27,877 [Worker-10] ERROR Studio for Android - Handler could not be instanced(PLUGIN=org.eclipse.sequoyah.device.framework;ERROR=202)
2018-02-14 10:06:27,878 [Worker-10] ERROR Studio for Android - Handler could not be instanced(PLUGIN=org.eclipse.sequoyah.device.framework;ERROR=202)
2018-02-14 10:06:27,878 [Worker-10] ERROR Studio for Android - Handler could not be instanced(PLUGIN=org.eclipse.sequoyah.device.framework;ERROR=202)
2018-02-14 10:06:27,878 [Worker-10] ERROR Studio for Android - Handler could not be instanced(PLUGIN=org.eclipse.sequoyah.device.framework;ERROR=202)
2018-02-14 10:06:27,878 [Worker-10] ERROR Studio for Android - Handler could not be instanced(PLUGIN=org.eclipse.sequoyah.device.framework;ERROR=202)
2018-02-14 10:06:27,878 [Worker-10] ERROR Studio for Android - Handler could not be instanced(PLUGIN=org.eclipse.sequoyah.device.framework;ERROR=202)
2018-02-14 10:06:27,878 [Worker-10] ERROR Studio for Android - Handler could not be instanced(PLUGIN=org.eclipse.sequoyah.device.framework;ERROR=202)
2018-02-14 10:06:27,878 [Worker-10] ERROR Studio for Android - Handler could not be instanced(PLUGIN=org.eclipse.sequoyah.device.framework;ERROR=202)
2018-02-14 10:06:27,878 [Worker-10] ERROR Studio for Android - Handler could not be instanced(PLUGIN=org.eclipse.sequoyah.device.framework;ERROR=202)
2018-02-14 10:06:27,879 [Worker-10] ERROR Studio for Android - Handler could not be instanced(PLUGIN=org.eclipse.sequoyah.device.framework;ERROR=202)
2018-02-14 10:06:27,879 [Worker-10] ERROR Studio for Android - Handler could not be instanced(PLUGIN=org.eclipse.sequoyah.device.framework;ERROR=202)
2018-02-14 10:06:27,879 [Worker-10] ERROR Studio for Android - Handler could not be instanced(PLUGIN=org.eclipse.sequoyah.device.framework;ERROR=202)
2018-02-14 10:06:27,879 [Worker-10] ERROR Studio for Android - Handler could not be instanced(PLUGIN=org.eclipse.sequoyah.device.framework;ERROR=202)
2018-02-14 10:06:27,879 [Worker-10] ERROR Studio for Android - Handler could not be instanced(PLUGIN=org.eclipse.sequoyah.device.framework;ERROR=202)
2018-02-14 10:06:27,879 [Worker-10] ERROR Studio for Android - Handler could not be instanced(PLUGIN=org.eclipse.sequoyah.device.framework;ERROR=202)
2018-02-14 10:06:27,879 [Worker-10] ERROR Studio for Android - Handler could not be instanced(PLUGIN=org.eclipse.sequoyah.device.framework;ERROR=202)
2018-02-14 10:06:27,879 [Worker-10] ERROR Studio for Android - Handler could not be instanced(PLUGIN=org.eclipse.sequoyah.device.framework;ERROR=202)
2018-02-14 10:06:27,879 [Worker-10] ERROR Studio for Android - Handler could not be instanced(PLUGIN=org.eclipse.sequoyah.device.framework;ERROR=202)
2018-02-14 10:06:27,880 [Worker-10] ERROR Studio for Android - Handler could not be instanced(PLUGIN=org.eclipse.sequoyah.device.framework;ERROR=202)
2018-02-14 10:06:27,880 [Worker-10] ERROR Studio for Android - Handler could not be instanced(PLUGIN=org.eclipse.sequoyah.device.framework;ERROR=202)
2018-02-14 10:06:27,880 [Worker-10] ERROR Studio for Android - Handler could not be instanced(PLUGIN=org.eclipse.sequoyah.device.framework;ERROR=202)
2018-02-14 10:06:27,880 [Worker-10] ERROR Studio for Android - Handler could not be instanced(PLUGIN=org.eclipse.sequoyah.device.framework;ERROR=202)
2018-02-14 10:06:27,880 [Worker-10] ERROR Studio for Android - Handler could not be instanced(PLUGIN=org.eclipse.sequoyah.device.framework;ERROR=202)
2018-02-14 10:06:27,880 [Worker-10] ERROR Studio for Android - Handler could not be instanced(PLUGIN=org.eclipse.sequoyah.device.framework;ERROR=202)
2018-02-14 10:06:27,880 [Worker-10] ERROR Studio for Android - Handler could not be instanced(PLUGIN=org.eclipse.sequoyah.device.framework;ERROR=202)
2018-02-14 10:06:27,880 [Worker-10] ERROR Studio for Android - Handler could not be instanced(PLUGIN=org.eclipse.sequoyah.device.framework;ERROR=202)
2018-02-14 10:06:27,881 [Worker-10] ERROR Studio for Android - Handler could not be instanced(PLUGIN=org.eclipse.sequoyah.device.framework;ERROR=202)
2018-02-14 10:06:27,881 [Worker-10] ERROR Studio for Android - Handler could not be instanced(PLUGIN=org.eclipse.sequoyah.device.framework;ERROR=202)
2018-02-14 10:06:27,881 [Worker-10] ERROR Studio for Android - Handler could not be instanced(PLUGIN=org.eclipse.sequoyah.device.framework;ERROR=202)
2018-02-14 10:06:27,881 [Worker-10] INFO  Studio for Android - [Status: id=org.eclipse.andmore.android.emulator.status.offline;name=Offline]
2018-02-14 10:06:27,881 [Worker-10] INFO  Studio for Android - [Status: id=org.eclipse.andmore.android.handset.status.handsetonline;name=Online]
2018-02-14 10:06:27,881 [Worker-10] INFO  Studio for Android - [Status: id=INACTIVE;name=INACTIVE]
2018-02-14 10:06:27,881 [Worker-10] INFO  Studio for Android - [Status: id=org.eclipse.andmore.android.emulator.status.notavailable;name=Not available]
2018-02-14 10:06:27,881 [Worker-10] INFO  Studio for Android - [Status: id=IDLE;name=IDLE]
2018-02-14 10:06:27,881 [Worker-10] INFO  Studio for Android - [Status: id=org.eclipse.andmore.android.remote.status.connected;name=Connected]
2018-02-14 10:06:27,881 [Worker-10] INFO  Studio for Android - [Status: id=org.eclipse.andmore.android.remote.status.disconnected;name=Disconnected]
2018-02-14 10:06:27,881 [Worker-10] INFO  Studio for Android - [Status: id=org.eclipse.andmore.android.emulator.status.online;name=Online]
2018-02-14 10:06:27,881 [Worker-10] INFO  Studio for Android - [Status: id=OFF;name=OFF]
2018-02-14 10:06:27,881 [Worker-10] INFO  Studio for Android - [Status: id=org.eclipse.andmore.android.emulator.status.offlineNoData;name=Offline (no user data)]
2018-02-14 10:06:45,963 [main] DEBUG class java.lang.Class - Starting Eclipse Andmore Database Core Plugin...
2018-02-14 10:06:46,060 [main] DEBUG Studio for Android - JDBC Driver Location:bundleentry://709.fwk1164622694/res/androidjdbc.jar JDBC Driver getBundle().getLocation():reference:file:/Users/williambrown/.p2/pool/plugins/org.eclipse.andmore.android.common_0.5.0.201605181018.jar
2018-02-14 10:06:46,098 [main] DEBUG Studio for Android - JDBC Driver Path:/Users/williambrown/eclipse/java-neon/Eclipse.app/Contents/Eclipse/configuration/org.eclipse.osgi/709/0/.cp/res/androidjdbc.jar
2018-02-14 10:06:46,098 [main] DEBUG Studio for Android - JDBC Driver Location:bundleentry://709.fwk1164622694/res/androidjdbc.jar JDBC Driver getBundle().getLocation():reference:file:/Users/williambrown/.p2/pool/plugins/org.eclipse.andmore.android.common_0.5.0.201605181018.jar
2018-02-14 10:06:46,098 [main] DEBUG Studio for Android - JDBC Driver Path:/Users/williambrown/eclipse/java-neon/Eclipse.app/Contents/Eclipse/configuration/org.eclipse.osgi/709/0/.cp/res/androidjdbc.jar
2018-02-14 10:06:46,105 [main] INFO  Studio for Android - Created a JDBC driver instance at Data Tools.
2018-02-14 10:06:46,211 [main] DEBUG class java.lang.Class - Eclipse Andmore Database Core Plugin started.
2018-02-14 10:06:46,212 [main] DEBUG class java.lang.Class - Starting Eclipse Andmore Database Devices Support Plugin...
2018-02-14 10:06:46,216 [main] DEBUG class java.lang.Class - Eclipse Andmore Database Devices Support Plugin started...
2018-02-14 10:06:48,044 [Framework stop] DEBUG Studio for Android - org.eclipse.sequoyah.device.service.start.StartServicePlugin-SHUTDOWN
2018-02-14 10:06:48,065 [Framework stop] DEBUG Studio for Android - org.eclipse.sequoyah.device.framework.ui.DeviceUIPlugin-SHUTDOWN
2018-02-14 10:06:48,065 [Framework stop] DEBUG Studio for Android - org.eclipse.sequoyah.device.service.stop.StopServicePlugin-SHUTDOWN
2018-02-14 10:06:48,066 [Framework stop] DEBUG Studio for Android - org.eclipse.sequoyah.device.framework.DevicePlugin-SHUTDOWN
