#
# A fatal error has been detected by the Java Runtime Environment:
#
#  SIGSEGV (0xb) at pc=0x00000001068232b0, pid=7135, tid=19203
#
# JRE version: Java(TM) SE Runtime Environment (8.0_25-b17) (build 1.8.0_25-b17)
# Java VM: Java HotSpot(TM) 64-Bit Server VM (25.25-b02 mixed mode bsd-amd64 compressed oops)
# Problematic frame:
# V  [libjvm.dylib+0x4232b0]  Method::checked_resolve_jmethod_id(_jmethodID*)+0xe
#
# Failed to write core dump. Core dumps have been disabled. To enable core dumping, try "ulimit -c unlimited" before starting Java again
#
# If you would like to submit a bug report, please visit:
#   http://bugreport.sun.com/bugreport/crash.jsp
#

---------------  T H R E A D  ---------------

Current thread (0x00007ff8e9827000):  JavaThread "JDWP Transport Listener: dt_socket" daemon [_thread_in_vm, id=19203, stack(0x0000700000f47000,0x0000700001047000)]

siginfo: si_signo: 11 (SIGSEGV), si_code: 0 (unknown), si_addr: 0x0000000000000000

Registers:
RAX=0x0000000000000001, RBX=0x0000700001046a8b, RCX=0x0000000106bd6c80, RDX=0x0000700001046a8b
RSP=0x00007000010469d0, RBP=0x00007000010469e0, RSI=0x00007ff8e9827000, RDI=0x5263696d6f003b6e
R8 =0x0000000000000000, R9 =0x00007ff8ec312120, R10=0x000000000c5bd419, R11=0x00007ff8ec300000
R12=0x00007ff8e9827000, R13=0x5263696d6f003b6e, R14=0x5263696d6f003b6e, R15=0x00007ff8e9416ce0
RIP=0x00000001068232b0, EFLAGS=0x0000000000010202, ERR=0x0000000000000000
  TRAPNO=0x000000000000000d

Top of Stack: (sp=0x00007000010469d0)
0x00007000010469d0:   0000700001046a8b 0000700001046a8b
0x00007000010469e0:   0000700001046a40 000000010673526e
0x00007000010469f0:   00007ff8e9827000 0000000000000000
0x0000700001046a00:   0000000000000000 0000000000000000
0x0000700001046a10:   00007ff8e9827000 00007ff8e9827000
0x0000700001046a20:   0000700001046a8b 0000700001046a90
0x0000700001046a30:   5263696d6f003b6e 0000000000000007
0x0000700001046a40:   0000700001046a60 00000001053867dc
0x0000700001046a50:   0000000000000001 0000700001046b08
0x0000700001046a60:   0000700001046ad0 000000010536b263
0x0000700001046a70:   0000700001046aa0 00007ff8ec3135d0
0x0000700001046a80:   0000000800000032 0000000a00046b08
0x0000700001046a90:   0000000000000000 0000000000000000
0x0000700001046aa0:   0000000000000000 0000700001046c90
0x0000700001046ab0:   000000010538deca 00007ff8e962b070
0x0000700001046ac0:   0000700001046b08 0000000105399588
0x0000700001046ad0:   0000700001046ae0 000000010536b35c
0x0000700001046ae0:   0000700001046d00 00000001053748f6
0x0000700001046af0:   000008bb00000013 00000000000f0200
0x0000700001046b00:   00007ff8e962a610 00007ff8ec3137c3
0x0000700001046b10:   00007ff800000245 00007ff8ec3130f0
0x0000700001046b20:   000000000000012c 0000700001046b58
0x0000700001046b30:   00007ff8ec3130f0 0000000000000000
0x0000700001046b40:   000008bb00000017 00007fff0000fc80
0x0000700001046b50:   0000700001046b58 f87f000008000000
0x0000700001046b60:   08000000887b51e9 3e74696e696c633c
0x0000700001046b70:   0056292803000000 0008000000000000
0x0000700001046b80:   00807b51e9f87f00 74696e693c060000
0x0000700001046b90:   562928030000003e 0100000000000000
0x0000700001046ba0:   907b51e9f87f0000 6e69616d04000000
0x0000700001046bb0:   6a4c5b2816000000 676e616c2f617661
0x0000700001046bc0:   3b676e697274532f 0000000000005629 

Instructions: (pc=0x00000001068232b0)
0x0000000106823290:   40 48 48 85 c0 75 e0 30 c0 0f b6 c0 5d c3 31 c0
0x00000001068232a0:   5d c3 55 48 89 e5 53 48 83 ec 08 48 85 ff 74 24
0x00000001068232b0:   48 8b 1f 48 85 db 74 1c 48 83 fb 37 74 16 48 8b
0x00000001068232c0:   03 48 89 df ff 50 10 84 c0 b8 00 00 00 00 48 0f 

Register to memory mapping:

RAX=0x0000000000000001 is an unknown value
RBX=0x0000700001046a8b is pointing into the stack for thread: 0x00007ff8e9827000
RCX=0x0000000106bd6c80: UseMembar+0 in /Library/Java/JavaVirtualMachines/jdk1.8.0_25.jdk/Contents/Home/jre/lib/server/libjvm.dylib at 0x0000000106400000
RDX=0x0000700001046a8b is pointing into the stack for thread: 0x00007ff8e9827000
RSP=0x00007000010469d0 is pointing into the stack for thread: 0x00007ff8e9827000
RBP=0x00007000010469e0 is pointing into the stack for thread: 0x00007ff8e9827000
RSI=0x00007ff8e9827000 is a thread
RDI=0x5263696d6f003b6e is an unknown value
R8 =0x0000000000000000 is an unknown value
R9 =0x00007ff8ec312120 is an unknown value
R10=0x000000000c5bd419 is an unknown value
R11=0x00007ff8ec300000 is an unknown value
R12=0x00007ff8e9827000 is a thread
R13=0x5263696d6f003b6e is an unknown value
R14=0x5263696d6f003b6e is an unknown value
R15=0x00007ff8e9416ce0 is an unknown value


Stack: [0x0000700000f47000,0x0000700001047000],  sp=0x00007000010469d0,  free space=1022k
Native frames: (J=compiled Java code, j=interpreted, Vv=VM code, C=native code)
V  [libjvm.dylib+0x4232b0]  Method::checked_resolve_jmethod_id(_jmethodID*)+0xe
V  [libjvm.dylib+0x33526e]  jvmti_IsMethodSynthetic+0xb2
C  [libjdwp.dylib+0x207dc]  isMethodSynthetic+0x63
C  [libjdwp.dylib+0x5263]  methods1+0x10b
C  [libjdwp.dylib+0x535c]  methodsWithGeneric+0xe
C  [libjdwp.dylib+0xe8f6]  debugLoop_run+0x1ce
C  [libjdwp.dylib+0x1f716]  attachThread+0x4d
V  [libjvm.dylib+0x3762ce]  JvmtiAgentThread::call_start_function()+0x38
V  [libjvm.dylib+0x535ed9]  JavaThread::thread_main_inner()+0x9b
V  [libjvm.dylib+0x53761c]  JavaThread::run()+0x1c2
V  [libjvm.dylib+0x45d87e]  java_start(Thread*)+0xf6
C  [libsystem_pthread.dylib+0x39b1]  _pthread_body+0x83
C  [libsystem_pthread.dylib+0x392e]  _pthread_body+0x0
C  [libsystem_pthread.dylib+0x1385]  thread_start+0xd
C  0x0000000000000000


---------------  P R O C E S S  ---------------

Java Threads: ( => current thread )
  0x00007ff8ed01b000 JavaThread "Service Thread" daemon [_thread_blocked, id=22787, stack(0x000070000165c000,0x000070000175c000)]
  0x00007ff8ed018000 JavaThread "C1 CompilerThread3" daemon [_thread_blocked, id=22275, stack(0x0000700001559000,0x0000700001659000)]
  0x00007ff8ed00f800 JavaThread "C2 CompilerThread2" daemon [_thread_blocked, id=21763, stack(0x0000700001456000,0x0000700001556000)]
  0x00007ff8ed00e800 JavaThread "C2 CompilerThread1" daemon [_thread_blocked, id=21251, stack(0x0000700001353000,0x0000700001453000)]
  0x00007ff8ed002800 JavaThread "C2 CompilerThread0" daemon [_thread_blocked, id=20739, stack(0x0000700001250000,0x0000700001350000)]
  0x00007ff8e9839800 JavaThread "JDWP Command Reader" daemon [_thread_in_native, id=20227, stack(0x000070000114d000,0x000070000124d000)]
  0x00007ff8e9839000 JavaThread "JDWP Event Helper Thread" daemon [_thread_blocked, id=19715, stack(0x000070000104a000,0x000070000114a000)]
=>0x00007ff8e9827000 JavaThread "JDWP Transport Listener: dt_socket" daemon [_thread_in_vm, id=19203, stack(0x0000700000f47000,0x0000700001047000)]
  0x00007ff8eb039000 JavaThread "Signal Dispatcher" daemon [_thread_blocked, id=15887, stack(0x0000700000e44000,0x0000700000f44000)]
  0x00007ff8ed000000 JavaThread "Finalizer" daemon [_thread_blocked, id=14339, stack(0x0000700000c3b000,0x0000700000d3b000)]
  0x00007ff8e9821000 JavaThread "Reference Handler" daemon [_thread_blocked, id=13827, stack(0x0000700000b38000,0x0000700000c38000)]
  0x00007ff8eb001000 JavaThread "main" [_thread_blocked, id=5891, stack(0x000070000011a000,0x000070000021a000)]

Other Threads:
  0x00007ff8eb04e800 VMThread [stack: 0x0000700000a35000,0x0000700000b35000] [id=13315]
  0x00007ff8ed01b800 WatcherThread [stack: 0x000070000175f000,0x000070000185f000] [id=23299]

VM state:not at safepoint (normal execution)

VM Mutex/Monitor currently owned by a thread: None

Heap:
 PSYoungGen      total 38400K, used 3328K [0x0000000795580000, 0x0000000798000000, 0x00000007c0000000)
  eden space 33280K, 10% used [0x0000000795580000,0x00000007958c0128,0x0000000797600000)
  from space 5120K, 0% used [0x0000000797b00000,0x0000000797b00000,0x0000000798000000)
  to   space 5120K, 0% used [0x0000000797600000,0x0000000797600000,0x0000000797b00000)
 ParOldGen       total 87552K, used 0K [0x0000000740000000, 0x0000000745580000, 0x0000000795580000)
  object space 87552K, 0% used [0x0000000740000000,0x0000000740000000,0x0000000745580000)
 Metaspace       used 3435K, capacity 4564K, committed 4864K, reserved 1056768K
  class space    used 385K, capacity 388K, committed 512K, reserved 1048576K

Card table byte_map: [0x00000001166dc000,0x0000000116add000] byte_map_base: 0x0000000112cdc000

Marking Bits: (ParMarkBitMap*) 0x0000000106c9d390
 Begin Bits: [0x0000000116d88000, 0x0000000118d88000)
 End Bits:   [0x0000000118d88000, 0x000000011ad88000)

Polling page: 0x0000000105365000

CodeCache: size=245760Kb used=1189Kb max_used=1189Kb free=244570Kb
 bounds [0x000000010731c000, 0x000000010758c000, 0x000000011631c000]
 total_blobs=292 nmethods=57 adapters=158
 compilation: enabled

Compilation events (10 events):
Event: 0.185 Thread 0x00007ff8ed018000   52       3       java.util.StringTokenizer::skipDelimiters (116 bytes)
Event: 0.185 Thread 0x00007ff8ed018000 nmethod 52 0x0000000107443b90 code [0x0000000107443dc0, 0x0000000107444978]
Event: 0.185 Thread 0x00007ff8ed018000   54       3       java.lang.String::startsWith (7 bytes)
Event: 0.186 Thread 0x00007ff8ed018000 nmethod 54 0x00000001074412d0 code [0x0000000107441440, 0x0000000107441668]
Event: 0.186 Thread 0x00007ff8ed018000   55       1       java.util.ArrayList::size (5 bytes)
Event: 0.186 Thread 0x00007ff8ed018000 nmethod 55 0x0000000107441010 code [0x0000000107441160, 0x0000000107441270]
Event: 4.696 Thread 0x00007ff8ed018000   56       1       java.nio.Buffer::position (5 bytes)
Event: 4.696 Thread 0x00007ff8ed018000 nmethod 56 0x0000000107445090 code [0x00000001074451e0, 0x00000001074452f0]
Event: 1987.638 Thread 0x00007ff8ed018000   57       1       java.lang.String::length (6 bytes)
Event: 1987.638 Thread 0x00007ff8ed018000 nmethod 57 0x0000000107445350 code [0x00000001074454a0, 0x00000001074455b0]

GC Heap History (0 events):
No events

Deoptimization events (0 events):
No events

Internal exceptions (10 events):
Event: 0.039 Thread 0x00007ff8eb001000 Exception <a 'java/lang/NoSuchMethodError': Method sun.misc.Unsafe.defineClass(Ljava/lang/String;[BII)Ljava/lang/Class; name or signature does not match> (0x0000000795591e68) thrown at [/HUDSON3/workspace/8-2-build-macosx-x86_64/jdk8u25/1514/hotspot/src/s
Event: 0.039 Thread 0x00007ff8eb001000 Exception <a 'java/lang/NoSuchMethodError': Method sun.misc.Unsafe.prefetchRead(Ljava/lang/Object;J)V name or signature does not match> (0x00000007955920f8) thrown at [/HUDSON3/workspace/8-2-build-macosx-x86_64/jdk8u25/1514/hotspot/src/share/vm/prims/jni.
Event: 0.150 Thread 0x00007ff8eb001000 Exception <a 'java/security/PrivilegedActionException'> (0x000000079561bc10) thrown at [/HUDSON3/workspace/8-2-build-macosx-x86_64/jdk8u25/1514/hotspot/src/share/vm/prims/jvm.cpp, line 1312]
Event: 0.158 Thread 0x00007ff8eb001000 Exception <a 'java/security/PrivilegedActionException'> (0x0000000795621808) thrown at [/HUDSON3/workspace/8-2-build-macosx-x86_64/jdk8u25/1514/hotspot/src/share/vm/prims/jvm.cpp, line 1312]
Event: 0.175 Thread 0x00007ff8eb001000 Exception <a 'java/security/PrivilegedActionException'> (0x000000079583d248) thrown at [/HUDSON3/workspace/8-2-build-macosx-x86_64/jdk8u25/1514/hotspot/src/share/vm/prims/jvm.cpp, line 1312]
Event: 0.175 Thread 0x00007ff8eb001000 Exception <a 'java/security/PrivilegedActionException'> (0x000000079583d590) thrown at [/HUDSON3/workspace/8-2-build-macosx-x86_64/jdk8u25/1514/hotspot/src/share/vm/prims/jvm.cpp, line 1312]
Event: 0.176 Thread 0x00007ff8eb001000 Exception <a 'java/security/PrivilegedActionException'> (0x0000000795840910) thrown at [/HUDSON3/workspace/8-2-build-macosx-x86_64/jdk8u25/1514/hotspot/src/share/vm/prims/jvm.cpp, line 1312]
Event: 0.176 Thread 0x00007ff8eb001000 Exception <a 'java/security/PrivilegedActionException'> (0x0000000795840c58) thrown at [/HUDSON3/workspace/8-2-build-macosx-x86_64/jdk8u25/1514/hotspot/src/share/vm/prims/jvm.cpp, line 1312]
Event: 0.185 Thread 0x00007ff8eb001000 Exception <a 'java/security/PrivilegedActionException'> (0x00000007958551b0) thrown at [/HUDSON3/workspace/8-2-build-macosx-x86_64/jdk8u25/1514/hotspot/src/share/vm/prims/jvm.cpp, line 1312]
Event: 0.185 Thread 0x00007ff8eb001000 Exception <a 'java/security/PrivilegedActionException'> (0x0000000795856618) thrown at [/HUDSON3/workspace/8-2-build-macosx-x86_64/jdk8u25/1514/hotspot/src/share/vm/prims/jvm.cpp, line 1312]

Events (10 events):
Event: 91.906 Executing VM operation: GetCurrentLocation
Event: 91.906 Executing VM operation: GetCurrentLocation done
Event: 91.906 Executing VM operation: ChangeSingleStep
Event: 91.906 Executing VM operation: ChangeSingleStep done
Event: 91.907 Executing VM operation: ChangeSingleStep
Event: 91.907 Executing VM operation: ChangeSingleStep done
Event: 92.035 Executing VM operation: GetOrSetLocal
Event: 92.035 Executing VM operation: GetOrSetLocal done
Event: 1987.638 Executing VM operation: RedefineClasses
Event: 1987.639 Executing VM operation: RedefineClasses done


Dynamic libraries:
0x0000000005af8000 	/System/Library/Frameworks/Cocoa.framework/Versions/A/Cocoa
0x0000000005af8000 	/System/Library/Frameworks/Security.framework/Versions/A/Security
0x0000000005af8000 	/System/Library/Frameworks/ApplicationServices.framework/Versions/A/ApplicationServices
0x0000000005af8000 	/usr/lib/libz.1.dylib
0x0000000005af8000 	/usr/lib/libSystem.B.dylib
0x0000000005af8000 	/usr/lib/libobjc.A.dylib
0x0000000005af8000 	/System/Library/Frameworks/CoreFoundation.framework/Versions/A/CoreFoundation
0x0000000005af8000 	/System/Library/Frameworks/Foundation.framework/Versions/C/Foundation
0x0000000005af8000 	/System/Library/Frameworks/AppKit.framework/Versions/C/AppKit
0x0000000005af8000 	/System/Library/Frameworks/CoreData.framework/Versions/A/CoreData
0x0000000005af8000 	/System/Library/PrivateFrameworks/RemoteViewServices.framework/Versions/A/RemoteViewServices
0x0000000005af8000 	/System/Library/PrivateFrameworks/UIFoundation.framework/Versions/A/UIFoundation
0x0000000005af8000 	/usr/lib/libScreenReader.dylib
0x0000000005af8000 	/System/Library/Frameworks/Accelerate.framework/Versions/A/Accelerate
0x0000000005af8000 	/System/Library/Frameworks/IOSurface.framework/Versions/A/IOSurface
0x0000000005af8000 	/System/Library/Frameworks/AudioToolbox.framework/Versions/A/AudioToolbox
0x0000000005af8000 	/System/Library/Frameworks/AudioUnit.framework/Versions/A/AudioUnit
0x0000000005af8000 	/System/Library/PrivateFrameworks/DataDetectorsCore.framework/Versions/A/DataDetectorsCore
0x0000000005af8000 	/System/Library/PrivateFrameworks/DesktopServicesPriv.framework/Versions/A/DesktopServicesPriv
0x0000000005af8000 	/System/Library/Frameworks/Carbon.framework/Versions/A/Frameworks/HIToolbox.framework/Versions/A/HIToolbox
0x0000000005af8000 	/System/Library/Frameworks/QuartzCore.framework/Versions/A/QuartzCore
0x0000000005af8000 	/System/Library/Frameworks/Carbon.framework/Versions/A/Frameworks/SpeechRecognition.framework/Versions/A/SpeechRecognition
0x0000000005af8000 	/usr/lib/libauto.dylib
0x0000000005af8000 	/usr/lib/libicucore.A.dylib
0x0000000005af8000 	/usr/lib/libxml2.2.dylib
0x0000000005af8000 	/System/Library/PrivateFrameworks/CoreUI.framework/Versions/A/CoreUI
0x0000000005af8000 	/System/Library/Frameworks/CoreAudio.framework/Versions/A/CoreAudio
0x0000000005af8000 	/System/Library/Frameworks/DiskArbitration.framework/Versions/A/DiskArbitration
0x0000000005af8000 	/usr/lib/liblangid.dylib
0x0000000005af8000 	/System/Library/PrivateFrameworks/MultitouchSupport.framework/Versions/A/MultitouchSupport
0x0000000005af8000 	/System/Library/Frameworks/IOKit.framework/Versions/A/IOKit
0x0000000005af8000 	/usr/lib/libDiagnosticMessagesClient.dylib
0x0000000005af8000 	/System/Library/Frameworks/CoreServices.framework/Versions/A/CoreServices
0x0000000005af8000 	/System/Library/PrivateFrameworks/PerformanceAnalysis.framework/Versions/A/PerformanceAnalysis
0x0000000005af8000 	/System/Library/PrivateFrameworks/GenerationalStorage.framework/Versions/A/GenerationalStorage
0x0000000005af8000 	/System/Library/Frameworks/OpenGL.framework/Versions/A/OpenGL
0x0000000005af8000 	/System/Library/PrivateFrameworks/Sharing.framework/Versions/A/Sharing
0x0000000005af8000 	/System/Library/Frameworks/CoreGraphics.framework/Versions/A/CoreGraphics
0x0000000005af8000 	/System/Library/Frameworks/CoreImage.framework/Versions/A/CoreImage
0x0000000005af8000 	/System/Library/Frameworks/CoreText.framework/Versions/A/CoreText
0x0000000005af8000 	/System/Library/Frameworks/ImageIO.framework/Versions/A/ImageIO
0x0000000005af8000 	/System/Library/PrivateFrameworks/Backup.framework/Versions/A/Backup
0x0000000005af8000 	/usr/lib/libextension.dylib
0x0000000005af8000 	/usr/lib/libarchive.2.dylib
0x0000000005af8000 	/System/Library/Frameworks/CFNetwork.framework/Versions/A/CFNetwork
0x0000000005af8000 	/System/Library/Frameworks/SystemConfiguration.framework/Versions/A/SystemConfiguration
0x0000000005af8000 	/usr/lib/libCRFSuite.dylib
0x0000000005af8000 	/usr/lib/libc++.1.dylib
0x0000000005af8000 	/usr/lib/libc++abi.dylib
0x0000000005af8000 	/usr/lib/system/libcache.dylib
0x0000000005af8000 	/usr/lib/system/libcommonCrypto.dylib
0x0000000005af8000 	/usr/lib/system/libcompiler_rt.dylib
0x0000000005af8000 	/usr/lib/system/libcopyfile.dylib
0x0000000005af8000 	/usr/lib/system/libcorecrypto.dylib
0x0000000005af8000 	/usr/lib/system/libdispatch.dylib
0x0000000005af8000 	/usr/lib/system/libdyld.dylib
0x0000000005af8000 	/usr/lib/system/libkeymgr.dylib
0x0000000005af8000 	/usr/lib/system/liblaunch.dylib
0x0000000005af8000 	/usr/lib/system/libmacho.dylib
0x0000000005af8000 	/usr/lib/system/libquarantine.dylib
0x0000000005af8000 	/usr/lib/system/libremovefile.dylib
0x0000000005af8000 	/usr/lib/system/libsystem_asl.dylib
0x0000000005af8000 	/usr/lib/system/libsystem_blocks.dylib
0x0000000005af8000 	/usr/lib/system/libsystem_c.dylib
0x0000000005af8000 	/usr/lib/system/libsystem_configuration.dylib
0x0000000005af8000 	/usr/lib/system/libsystem_coreservices.dylib
0x0000000005af8000 	/usr/lib/system/libsystem_coretls.dylib
0x0000000005af8000 	/usr/lib/system/libsystem_dnssd.dylib
0x0000000005af8000 	/usr/lib/system/libsystem_info.dylib
0x0000000005af8000 	/usr/lib/system/libsystem_kernel.dylib
0x0000000005af8000 	/usr/lib/system/libsystem_m.dylib
0x0000000005af8000 	/usr/lib/system/libsystem_malloc.dylib
0x0000000005af8000 	/usr/lib/system/libsystem_network.dylib
0x0000000005af8000 	/usr/lib/system/libsystem_networkextension.dylib
0x0000000005af8000 	/usr/lib/system/libsystem_notify.dylib
0x0000000005af8000 	/usr/lib/system/libsystem_platform.dylib
0x0000000005af8000 	/usr/lib/system/libsystem_pthread.dylib
0x0000000005af8000 	/usr/lib/system/libsystem_sandbox.dylib
0x0000000005af8000 	/usr/lib/system/libsystem_secinit.dylib
0x0000000005af8000 	/usr/lib/system/libsystem_trace.dylib
0x0000000005af8000 	/usr/lib/system/libunc.dylib
0x0000000005af8000 	/usr/lib/system/libunwind.dylib
0x0000000005af8000 	/usr/lib/system/libxpc.dylib
0x0000000005af8000 	/usr/lib/libenergytrace.dylib
0x0000000005af8000 	/usr/lib/libbsm.0.dylib
0x0000000005af8000 	/usr/lib/system/libkxld.dylib
0x0000000005af8000 	/usr/lib/libxar.1.dylib
0x0000000005af8000 	/usr/lib/libsqlite3.dylib
0x0000000005af8000 	/usr/lib/libpam.2.dylib
0x0000000005af8000 	/usr/lib/libOpenScriptingUtil.dylib
0x0000000005af8000 	/usr/lib/libbz2.1.0.dylib
0x0000000005af8000 	/usr/lib/liblzma.5.dylib
0x0000000005af8000 	/System/Library/Frameworks/CoreServices.framework/Versions/A/Frameworks/FSEvents.framework/Versions/A/FSEvents
0x0000000005af8000 	/System/Library/Frameworks/CoreServices.framework/Versions/A/Frameworks/CarbonCore.framework/Versions/A/CarbonCore
0x0000000005af8000 	/System/Library/Frameworks/CoreServices.framework/Versions/A/Frameworks/Metadata.framework/Versions/A/Metadata
0x0000000005af8000 	/System/Library/Frameworks/CoreServices.framework/Versions/A/Frameworks/OSServices.framework/Versions/A/OSServices
0x0000000005af8000 	/System/Library/Frameworks/CoreServices.framework/Versions/A/Frameworks/SearchKit.framework/Versions/A/SearchKit
0x0000000005af8000 	/System/Library/Frameworks/CoreServices.framework/Versions/A/Frameworks/AE.framework/Versions/A/AE
0x0000000005af8000 	/System/Library/Frameworks/CoreServices.framework/Versions/A/Frameworks/LaunchServices.framework/Versions/A/LaunchServices
0x0000000005af8000 	/System/Library/Frameworks/CoreServices.framework/Versions/A/Frameworks/DictionaryServices.framework/Versions/A/DictionaryServices
0x0000000005af8000 	/System/Library/Frameworks/CoreServices.framework/Versions/A/Frameworks/SharedFileList.framework/Versions/A/SharedFileList
0x0000000005af8000 	/System/Library/Frameworks/NetFS.framework/Versions/A/NetFS
0x0000000005af8000 	/System/Library/PrivateFrameworks/NetAuth.framework/Versions/A/NetAuth
0x0000000005af8000 	/System/Library/PrivateFrameworks/login.framework/Versions/A/Frameworks/loginsupport.framework/Versions/A/loginsupport
0x0000000005af8000 	/System/Library/PrivateFrameworks/TCC.framework/Versions/A/TCC
0x0000000005af8000 	/usr/lib/libmecabra.dylib
0x0000000005af8000 	/System/Library/Frameworks/ApplicationServices.framework/Versions/A/Frameworks/ATS.framework/Versions/A/ATS
0x0000000005af8000 	/System/Library/Frameworks/ApplicationServices.framework/Versions/A/Frameworks/ColorSync.framework/Versions/A/ColorSync
0x0000000005af8000 	/System/Library/Frameworks/ApplicationServices.framework/Versions/A/Frameworks/HIServices.framework/Versions/A/HIServices
0x0000000005af8000 	/System/Library/Frameworks/ApplicationServices.framework/Versions/A/Frameworks/LangAnalysis.framework/Versions/A/LangAnalysis
0x0000000005af8000 	/System/Library/Frameworks/ApplicationServices.framework/Versions/A/Frameworks/PrintCore.framework/Versions/A/PrintCore
0x0000000005af8000 	/System/Library/Frameworks/ApplicationServices.framework/Versions/A/Frameworks/QD.framework/Versions/A/QD
0x0000000005af8000 	/System/Library/Frameworks/ApplicationServices.framework/Versions/A/Frameworks/SpeechSynthesis.framework/Versions/A/SpeechSynthesis
0x0000000005af8000 	/System/Library/Frameworks/Metal.framework/Versions/A/Metal
0x0000000005af8000 	/System/Library/Frameworks/Accelerate.framework/Versions/A/Frameworks/vImage.framework/Versions/A/vImage
0x0000000005af8000 	/System/Library/Frameworks/Accelerate.framework/Versions/A/Frameworks/vecLib.framework/Versions/A/vecLib
0x0000000005af8000 	/System/Library/Frameworks/Accelerate.framework/Versions/A/Frameworks/vecLib.framework/Versions/A/libvDSP.dylib
0x0000000005af8000 	/System/Library/Frameworks/Accelerate.framework/Versions/A/Frameworks/vecLib.framework/Versions/A/libvMisc.dylib
0x0000000005af8000 	/System/Library/Frameworks/Accelerate.framework/Versions/A/Frameworks/vecLib.framework/Versions/A/libLAPACK.dylib
0x0000000005af8000 	/System/Library/Frameworks/Accelerate.framework/Versions/A/Frameworks/vecLib.framework/Versions/A/libBLAS.dylib
0x0000000005af8000 	/System/Library/Frameworks/Accelerate.framework/Versions/A/Frameworks/vecLib.framework/Versions/A/libLinearAlgebra.dylib
0x0000000005af8000 	/System/Library/Frameworks/Accelerate.framework/Versions/A/Frameworks/vecLib.framework/Versions/A/libSparseBLAS.dylib
0x0000000005af8000 	/System/Library/PrivateFrameworks/GPUCompiler.framework/libmetal_timestamp.dylib
0x0000000005af8000 	/System/Library/Frameworks/OpenGL.framework/Versions/A/Libraries/libCoreFSCache.dylib
0x0000000005af8000 	/System/Library/PrivateFrameworks/IOAccelerator.framework/Versions/A/IOAccelerator
0x0000000005af8000 	/System/Library/Frameworks/ApplicationServices.framework/Versions/A/Frameworks/ATS.framework/Versions/A/Resources/libFontParser.dylib
0x0000000005af8000 	/System/Library/Frameworks/ApplicationServices.framework/Versions/A/Frameworks/ATS.framework/Versions/A/Resources/libFontRegistry.dylib
0x0000000005af8000 	/System/Library/PrivateFrameworks/AppleVPA.framework/Versions/A/AppleVPA
0x0000000005af8000 	/System/Library/PrivateFrameworks/AppleJPEG.framework/Versions/A/AppleJPEG
0x0000000005af8000 	/System/Library/Frameworks/ImageIO.framework/Versions/A/Resources/libJPEG.dylib
0x0000000005af8000 	/System/Library/Frameworks/ImageIO.framework/Versions/A/Resources/libTIFF.dylib
0x0000000005af8000 	/System/Library/Frameworks/ImageIO.framework/Versions/A/Resources/libPng.dylib
0x0000000005af8000 	/System/Library/Frameworks/ImageIO.framework/Versions/A/Resources/libGIF.dylib
0x0000000005af8000 	/System/Library/Frameworks/ImageIO.framework/Versions/A/Resources/libJP2.dylib
0x0000000005af8000 	/System/Library/Frameworks/ImageIO.framework/Versions/A/Resources/libRadiance.dylib
0x0000000005af8000 	/System/Library/Frameworks/CoreVideo.framework/Versions/A/CoreVideo
0x0000000005af8000 	/System/Library/Frameworks/OpenGL.framework/Versions/A/Libraries/libGLU.dylib
0x0000000005af8000 	/System/Library/Frameworks/OpenGL.framework/Versions/A/Libraries/libGFXShared.dylib
0x0000000005af8000 	/System/Library/Frameworks/OpenGL.framework/Versions/A/Libraries/libGL.dylib
0x0000000005af8000 	/System/Library/Frameworks/OpenGL.framework/Versions/A/Libraries/libGLImage.dylib
0x0000000005af8000 	/System/Library/Frameworks/OpenGL.framework/Versions/A/Libraries/libCVMSPluginSupport.dylib
0x0000000005af8000 	/System/Library/Frameworks/OpenGL.framework/Versions/A/Libraries/libCoreVMClient.dylib
0x0000000005af8000 	/usr/lib/libcups.2.dylib
0x0000000005af8000 	/System/Library/Frameworks/Kerberos.framework/Versions/A/Kerberos
0x0000000005af8000 	/System/Library/Frameworks/GSS.framework/Versions/A/GSS
0x0000000005af8000 	/usr/lib/libresolv.9.dylib
0x0000000005af8000 	/usr/lib/libiconv.2.dylib
0x0000000005af8000 	/System/Library/PrivateFrameworks/Heimdal.framework/Versions/A/Heimdal
0x0000000005af8000 	/usr/lib/libheimdal-asn1.dylib
0x0000000005af8000 	/System/Library/Frameworks/OpenDirectory.framework/Versions/A/OpenDirectory
0x0000000005af8000 	/System/Library/PrivateFrameworks/CommonAuth.framework/Versions/A/CommonAuth
0x0000000005af8000 	/System/Library/Frameworks/OpenDirectory.framework/Versions/A/Frameworks/CFOpenDirectory.framework/Versions/A/CFOpenDirectory
0x0000000005af8000 	/System/Library/Frameworks/SecurityFoundation.framework/Versions/A/SecurityFoundation
0x0000000005af8000 	/System/Library/PrivateFrameworks/LanguageModeling.framework/Versions/A/LanguageModeling
0x0000000005af8000 	/usr/lib/libmarisa.dylib
0x0000000005af8000 	/usr/lib/libChineseTokenizer.dylib
0x0000000005af8000 	/usr/lib/libcmph.dylib
0x0000000005af8000 	/usr/lib/libcompression.dylib
0x0000000005af8000 	/System/Library/Frameworks/ServiceManagement.framework/Versions/A/ServiceManagement
0x0000000005af8000 	/usr/lib/libxslt.1.dylib
0x0000000005af8000 	/System/Library/Frameworks/Carbon.framework/Versions/A/Frameworks/Ink.framework/Versions/A/Ink
0x0000000005af8000 	/usr/lib/libFosl_dynamic.dylib
0x0000000005af8000 	/System/Library/PrivateFrameworks/FaceCore.framework/Versions/A/FaceCore
0x0000000005af8000 	/System/Library/Frameworks/OpenCL.framework/Versions/A/OpenCL
0x0000000005af8000 	/System/Library/PrivateFrameworks/CrashReporterSupport.framework/Versions/A/CrashReporterSupport
0x0000000005af8000 	/System/Library/PrivateFrameworks/IconServices.framework/Versions/A/IconServices
0x0000000005af8000 	/System/Library/PrivateFrameworks/Apple80211.framework/Versions/A/Apple80211
0x0000000005af8000 	/System/Library/Frameworks/CoreWLAN.framework/Versions/A/CoreWLAN
0x0000000005af8000 	/System/Library/Frameworks/IOBluetooth.framework/Versions/A/IOBluetooth
0x0000000005af8000 	/System/Library/PrivateFrameworks/CoreWiFi.framework/Versions/A/CoreWiFi
0x0000000005af8000 	/System/Library/Frameworks/CoreBluetooth.framework/Versions/A/CoreBluetooth
0x0000000005af8000 	/System/Library/PrivateFrameworks/ChunkingLibrary.framework/Versions/A/ChunkingLibrary
0x0000000005af8000 	/System/Library/PrivateFrameworks/DebugSymbols.framework/Versions/A/DebugSymbols
0x0000000005af8000 	/System/Library/PrivateFrameworks/CoreSymbolication.framework/Versions/A/CoreSymbolication
0x0000000005af8000 	/System/Library/PrivateFrameworks/Symbolication.framework/Versions/A/Symbolication
0x0000000005af8000 	/System/Library/PrivateFrameworks/SpeechRecognitionCore.framework/Versions/A/SpeechRecognitionCore
0x0000000106400000 	/Library/Java/JavaVirtualMachines/jdk1.8.0_25.jdk/Contents/Home/jre/lib/server/libjvm.dylib
0x0000000005af8000 	/usr/lib/libstdc++.6.dylib
0x0000000105323000 	/Library/Java/JavaVirtualMachines/jdk1.8.0_25.jdk/Contents/Home/jre/lib/libverify.dylib
0x0000000105331000 	/Library/Java/JavaVirtualMachines/jdk1.8.0_25.jdk/Contents/Home/jre/lib/libjava.dylib
0x0000000105366000 	/Library/Java/JavaVirtualMachines/jdk1.8.0_25.jdk/Contents/Home/jre/lib/libjdwp.dylib
0x00000001053b1000 	/Library/Java/JavaVirtualMachines/jdk1.8.0_25.jdk/Contents/Home/jre/lib/libnpt.dylib
0x00000001053be000 	/Library/Java/JavaVirtualMachines/jdk1.8.0_25.jdk/Contents/Home/jre/lib/libzip.dylib
0x000000011d8d3000 	/System/Library/Frameworks/JavaVM.framework/Frameworks/JavaRuntimeSupport.framework/JavaRuntimeSupport
0x000000011d8ee000 	/System/Library/Frameworks/JavaVM.framework/Versions/A/Frameworks/JavaNativeFoundation.framework/Versions/A/JavaNativeFoundation
0x00000001053f0000 	/System/Library/Frameworks/JavaVM.framework/Versions/A/JavaVM
0x0000000005af8000 	/System/Library/Frameworks/Carbon.framework/Versions/A/Carbon
0x000000011d903000 	/System/Library/PrivateFrameworks/JavaLaunching.framework/Versions/A/JavaLaunching
0x0000000005af8000 	/System/Library/Frameworks/Carbon.framework/Versions/A/Frameworks/CommonPanels.framework/Versions/A/CommonPanels
0x0000000005af8000 	/System/Library/Frameworks/Carbon.framework/Versions/A/Frameworks/Help.framework/Versions/A/Help
0x0000000005af8000 	/System/Library/Frameworks/Carbon.framework/Versions/A/Frameworks/ImageCapture.framework/Versions/A/ImageCapture
0x0000000005af8000 	/System/Library/Frameworks/Carbon.framework/Versions/A/Frameworks/OpenScripting.framework/Versions/A/OpenScripting
0x0000000005af8000 	/System/Library/Frameworks/Carbon.framework/Versions/A/Frameworks/Print.framework/Versions/A/Print
0x0000000005af8000 	/System/Library/Frameworks/Carbon.framework/Versions/A/Frameworks/SecurityHI.framework/Versions/A/SecurityHI
0x000000011f221000 	/Library/Java/JavaVirtualMachines/jdk1.8.0_25.jdk/Contents/Home/jre/lib/libdt_socket.dylib

VM Arguments:
jvm_args: -agentlib:jdwp=transport=dt_socket,suspend=y,address=localhost:55065 -Dfile.encoding=UTF-8 
java_command: Raffle
java_class_path (initial): /Users/williambrown/Documents/workspace/Java/Raffle/bin
Launcher Type: SUN_STANDARD

Environment Variables:
PATH=/usr/bin:/bin:/usr/sbin:/sbin
SHELL=/bin/bash

Signal Handlers:
SIGSEGV: [libjvm.dylib+0x579dc7], sa_mask[0]=11111111011111110111111111111111, sa_flags=SA_ONSTACK|SA_RESTART|SA_SIGINFO
SIGBUS: [libjvm.dylib+0x579dc7], sa_mask[0]=11111111011111110111111111111111, sa_flags=SA_RESTART|SA_SIGINFO
SIGFPE: [libjvm.dylib+0x45b030], sa_mask[0]=11111111011111110111111111111111, sa_flags=SA_RESTART|SA_SIGINFO
SIGPIPE: [libjvm.dylib+0x45b030], sa_mask[0]=11111111011111110111111111111111, sa_flags=SA_RESTART|SA_SIGINFO
SIGXFSZ: [libjvm.dylib+0x45b030], sa_mask[0]=11111111011111110111111111111111, sa_flags=SA_RESTART|SA_SIGINFO
SIGILL: [libjvm.dylib+0x45b030], sa_mask[0]=11111111011111110111111111111111, sa_flags=SA_RESTART|SA_SIGINFO
SIGUSR1: SIG_DFL, sa_mask[0]=00000000000000000000000000000000, sa_flags=none
SIGUSR2: [libjvm.dylib+0x45ab4e], sa_mask[0]=00100000000000000000000000000000, sa_flags=SA_RESTART|SA_SIGINFO
SIGHUP: [libjvm.dylib+0x459121], sa_mask[0]=11111111011111110111111111111111, sa_flags=SA_RESTART|SA_SIGINFO
SIGINT: [libjvm.dylib+0x459121], sa_mask[0]=11111111011111110111111111111111, sa_flags=SA_RESTART|SA_SIGINFO
SIGTERM: [libjvm.dylib+0x459121], sa_mask[0]=11111111011111110111111111111111, sa_flags=SA_RESTART|SA_SIGINFO
SIGQUIT: [libjvm.dylib+0x459121], sa_mask[0]=11111111011111110111111111111111, sa_flags=SA_RESTART|SA_SIGINFO


---------------  S Y S T E M  ---------------

OS:Bsduname:Darwin 15.0.0 Darwin Kernel Version 15.0.0: Wed Aug 26 19:41:34 PDT 2015; root:xnu-3247.1.106~5/RELEASE_X86_64 x86_64
rlimit: STACK 8192k, CORE 0k, NPROC 709, NOFILE 10240, AS infinity
load average:1.38 1.36 1.38

CPU:total 8 (4 cores per cpu, 2 threads per core) family 6 model 42 stepping 7, cmov, cx8, fxsr, mmx, sse, sse2, sse3, ssse3, sse4.1, sse4.2, popcnt, avx, aes, clmul, ht, tsc, tscinvbit

Memory: 4k page, physical 8388608k(1114832k free)

/proc/meminfo:


vm_info: Java HotSpot(TM) 64-Bit Server VM (25.25-b02) for bsd-amd64 JRE (1.8.0_25-b17), built on Sep 17 2014 16:56:50 by "java_re" with gcc 4.2.1 (Based on Apple Inc. build 5658) (LLVM build 2336.11.00)

time: Mon Jan 25 23:56:30 2016
elapsed time: 1987 seconds (0d 0h 33m 7s)

