04:18:23 **** Build of configuration Debug for project hw01p1 ****
make all 
Building file: ../main.cpp
Invoking: Cross G++ Compiler
g++ -O0 -g3 -Wall -c -fmessage-length=0 -MMD -MP -MF"main.d" -MT"main.d" -o "main.o" "../main.cpp"
Finished building: ../main.cpp
 
Building file: ../sampleOne.cpp
Invoking: Cross G++ Compiler
g++ -O0 -g3 -Wall -c -fmessage-length=0 -MMD -MP -MF"sampleOne.d" -MT"sampleOne.d" -o "sampleOne.o" "../sampleOne.cpp"
Finished building: ../sampleOne.cpp
 
Building target: hw01p1
Invoking: Cross G++ Linker
g++  -o "hw01p1"  ./main.o ./sampleOne.o   
Finished building target: hw01p1
 
04:21:12 **** Incremental Build of configuration Debug for project hw01p1 ****
make all 
make: Nothing to be done for `all'.
04:23:59 **** Incremental Build of configuration Debug for project hw01p1 ****
make all 
make: Nothing to be done for `all'.
04:49:15 **** Incremental Build of configuration Debug for project hw01p1 ****
make all 
Building file: ../main.cpp
Invoking: Cross G++ Compiler
g++ -O0 -g3 -Wall -c -fmessage-length=0 -MMD -MP -MF"main.d" -MT"main.d" -o "main.o" "../main.cpp"
Finished building: ../main.cpp
 
Building target: hw01p1
Invoking: Cross G++ Linker
g++  -o "hw01p1"  ./main.o   
Finished building target: hw01p1
 
04:49:54 **** Incremental Build of configuration Debug for project hw01p1 ****
make all 
make: Nothing to be done for `all'.
04:50:05 **** Incremental Build of configuration Debug for project hw01p1 ****
make all 
make: Nothing to be done for `all'.
