2018-02-14 02:23:52,312 [Worker-6] DEBUG class java.lang.Class - Starting Andmore Common Plugin...
2018-02-14 02:23:52,312 [Worker-6] DEBUG class java.lang.Class - Andmore Common Plugin started.
2018-02-14 02:23:52,312 [Worker-6] DEBUG class java.lang.Class - Starting Andmore Plugin...
2018-02-14 02:23:52,317 [Worker-6] DEBUG class java.lang.Class - Andmore Plugin started.
2018-02-14 02:23:52,348 [Worker-6] DEBUG class java.lang.Class - Starting Andmore Emulator Plugin...
2018-02-14 02:23:52,378 [Worker-6] DEBUG class java.lang.Class - Andmore Emulator Plugin started.
2018-02-14 10:00:13,671 [Worker-6] DEBUG class java.lang.Class - Starting Andmore Device Services Plugin...
2018-02-14 10:00:13,674 [Worker-6] DEBUG class java.lang.Class - Andmore Device Services Plugin started.
2018-02-14 10:00:13,707 [Worker-6] DEBUG class java.lang.Class - Starting Andmore Handset Plugin...
2018-02-14 10:00:13,709 [Worker-6] DEBUG class java.lang.Class - Andmore Handset Plugin started.
2018-02-14 10:00:13,769 [Worker-6] DEBUG class java.lang.Class - Starting Andmore Remote Device Plugin...
2018-02-14 10:00:13,770 [Worker-6] DEBUG class java.lang.Class - Starting Andmore Remote Device Plugin started.
2018-02-14 10:00:13,801 [Worker-6] ERROR Studio for Android - Handler could not be instanced(PLUGIN=org.eclipse.sequoyah.device.framework;ERROR=202)
2018-02-14 10:00:13,801 [Worker-6] ERROR Studio for Android - Handler could not be instanced(PLUGIN=org.eclipse.sequoyah.device.framework;ERROR=202)
2018-02-14 10:00:13,802 [Worker-6] ERROR Studio for Android - Handler could not be instanced(PLUGIN=org.eclipse.sequoyah.device.framework;ERROR=202)
2018-02-14 10:00:13,802 [Worker-6] ERROR Studio for Android - Handler could not be instanced(PLUGIN=org.eclipse.sequoyah.device.framework;ERROR=202)
2018-02-14 10:00:13,802 [Worker-6] ERROR Studio for Android - Handler could not be instanced(PLUGIN=org.eclipse.sequoyah.device.framework;ERROR=202)
2018-02-14 10:00:13,802 [Worker-6] ERROR Studio for Android - Handler could not be instanced(PLUGIN=org.eclipse.sequoyah.device.framework;ERROR=202)
2018-02-14 10:00:13,802 [Worker-6] ERROR Studio for Android - Handler could not be instanced(PLUGIN=org.eclipse.sequoyah.device.framework;ERROR=202)
2018-02-14 10:00:13,802 [Worker-6] ERROR Studio for Android - Handler could not be instanced(PLUGIN=org.eclipse.sequoyah.device.framework;ERROR=202)
2018-02-14 10:00:13,802 [Worker-6] ERROR Studio for Android - Handler could not be instanced(PLUGIN=org.eclipse.sequoyah.device.framework;ERROR=202)
2018-02-14 10:00:13,802 [Worker-6] ERROR Studio for Android - Handler could not be instanced(PLUGIN=org.eclipse.sequoyah.device.framework;ERROR=202)
2018-02-14 10:00:13,803 [Worker-6] ERROR Studio for Android - Handler could not be instanced(PLUGIN=org.eclipse.sequoyah.device.framework;ERROR=202)
2018-02-14 10:00:13,803 [Worker-6] ERROR Studio for Android - Handler could not be instanced(PLUGIN=org.eclipse.sequoyah.device.framework;ERROR=202)
2018-02-14 10:00:13,803 [Worker-6] ERROR Studio for Android - Handler could not be instanced(PLUGIN=org.eclipse.sequoyah.device.framework;ERROR=202)
2018-02-14 10:00:13,803 [Worker-6] ERROR Studio for Android - Handler could not be instanced(PLUGIN=org.eclipse.sequoyah.device.framework;ERROR=202)
2018-02-14 10:00:13,803 [Worker-6] ERROR Studio for Android - Handler could not be instanced(PLUGIN=org.eclipse.sequoyah.device.framework;ERROR=202)
2018-02-14 10:00:13,803 [Worker-6] ERROR Studio for Android - Handler could not be instanced(PLUGIN=org.eclipse.sequoyah.device.framework;ERROR=202)
2018-02-14 10:00:13,803 [Worker-6] ERROR Studio for Android - Handler could not be instanced(PLUGIN=org.eclipse.sequoyah.device.framework;ERROR=202)
2018-02-14 10:00:13,803 [Worker-6] ERROR Studio for Android - Handler could not be instanced(PLUGIN=org.eclipse.sequoyah.device.framework;ERROR=202)
2018-02-14 10:00:13,803 [Worker-6] ERROR Studio for Android - Handler could not be instanced(PLUGIN=org.eclipse.sequoyah.device.framework;ERROR=202)
2018-02-14 10:00:13,804 [Worker-6] ERROR Studio for Android - Handler could not be instanced(PLUGIN=org.eclipse.sequoyah.device.framework;ERROR=202)
2018-02-14 10:00:13,804 [Worker-6] ERROR Studio for Android - Handler could not be instanced(PLUGIN=org.eclipse.sequoyah.device.framework;ERROR=202)
2018-02-14 10:00:13,804 [Worker-6] ERROR Studio for Android - Handler could not be instanced(PLUGIN=org.eclipse.sequoyah.device.framework;ERROR=202)
2018-02-14 10:00:13,804 [Worker-6] ERROR Studio for Android - Handler could not be instanced(PLUGIN=org.eclipse.sequoyah.device.framework;ERROR=202)
2018-02-14 10:00:13,804 [Worker-6] ERROR Studio for Android - Handler could not be instanced(PLUGIN=org.eclipse.sequoyah.device.framework;ERROR=202)
2018-02-14 10:00:13,804 [Worker-6] ERROR Studio for Android - Handler could not be instanced(PLUGIN=org.eclipse.sequoyah.device.framework;ERROR=202)
2018-02-14 10:00:13,805 [Worker-6] ERROR Studio for Android - Handler could not be instanced(PLUGIN=org.eclipse.sequoyah.device.framework;ERROR=202)
2018-02-14 10:00:13,805 [Worker-6] ERROR Studio for Android - Handler could not be instanced(PLUGIN=org.eclipse.sequoyah.device.framework;ERROR=202)
2018-02-14 10:00:13,805 [Worker-6] ERROR Studio for Android - Handler could not be instanced(PLUGIN=org.eclipse.sequoyah.device.framework;ERROR=202)
2018-02-14 10:00:13,805 [Worker-6] ERROR Studio for Android - Handler could not be instanced(PLUGIN=org.eclipse.sequoyah.device.framework;ERROR=202)
2018-02-14 10:00:13,805 [Worker-6] ERROR Studio for Android - Handler could not be instanced(PLUGIN=org.eclipse.sequoyah.device.framework;ERROR=202)
2018-02-14 10:00:13,805 [Worker-6] INFO  Studio for Android - [Status: id=org.eclipse.andmore.android.emulator.status.offline;name=Offline]
2018-02-14 10:00:13,805 [Worker-6] INFO  Studio for Android - [Status: id=org.eclipse.andmore.android.handset.status.handsetonline;name=Online]
2018-02-14 10:00:13,805 [Worker-6] INFO  Studio for Android - [Status: id=INACTIVE;name=INACTIVE]
2018-02-14 10:00:13,805 [Worker-6] INFO  Studio for Android - [Status: id=org.eclipse.andmore.android.emulator.status.notavailable;name=Not available]
2018-02-14 10:00:13,805 [Worker-6] INFO  Studio for Android - [Status: id=IDLE;name=IDLE]
2018-02-14 10:00:13,805 [Worker-6] INFO  Studio for Android - [Status: id=org.eclipse.andmore.android.remote.status.connected;name=Connected]
2018-02-14 10:00:13,805 [Worker-6] INFO  Studio for Android - [Status: id=org.eclipse.andmore.android.remote.status.disconnected;name=Disconnected]
2018-02-14 10:00:13,805 [Worker-6] INFO  Studio for Android - [Status: id=org.eclipse.andmore.android.emulator.status.online;name=Online]
2018-02-14 10:00:13,806 [Worker-6] INFO  Studio for Android - [Status: id=OFF;name=OFF]
2018-02-14 10:00:13,806 [Worker-6] INFO  Studio for Android - [Status: id=org.eclipse.andmore.android.emulator.status.offlineNoData;name=Offline (no user data)]
2018-02-14 10:00:22,430 [main] DEBUG class java.lang.Class - Starting Eclipse Andmore Database Core Plugin...
2018-02-14 10:00:22,529 [main] DEBUG Studio for Android - JDBC Driver Location:bundleentry://1488.fwk1800389329/res/androidjdbc.jar JDBC Driver getBundle().getLocation():reference:file:plugins/org.eclipse.andmore.android.common_0.5.0.201605181018.jar
2018-02-14 10:00:22,584 [main] DEBUG Studio for Android - JDBC Driver Path:/Applications/sts-bundle/STS.app/Contents/Eclipse/configuration/org.eclipse.osgi/1488/0/.cp/res/androidjdbc.jar
2018-02-14 10:00:22,584 [main] DEBUG Studio for Android - JDBC Driver Location:bundleentry://1488.fwk1800389329/res/androidjdbc.jar JDBC Driver getBundle().getLocation():reference:file:plugins/org.eclipse.andmore.android.common_0.5.0.201605181018.jar
2018-02-14 10:00:22,584 [main] DEBUG Studio for Android - JDBC Driver Path:/Applications/sts-bundle/STS.app/Contents/Eclipse/configuration/org.eclipse.osgi/1488/0/.cp/res/androidjdbc.jar
2018-02-14 10:00:22,595 [main] INFO  Studio for Android - Created a JDBC driver instance at Data Tools.
2018-02-14 10:00:22,762 [main] DEBUG class java.lang.Class - Eclipse Andmore Database Core Plugin started.
2018-02-14 10:00:22,763 [main] DEBUG class java.lang.Class - Starting Eclipse Andmore Database Devices Support Plugin...
2018-02-14 10:00:22,767 [main] DEBUG class java.lang.Class - Eclipse Andmore Database Devices Support Plugin started...
2018-02-14 10:00:25,025 [Framework stop] DEBUG Studio for Android - org.eclipse.sequoyah.device.service.start.StartServicePlugin-SHUTDOWN
2018-02-14 10:00:25,064 [Framework stop] DEBUG Studio for Android - org.eclipse.sequoyah.device.framework.ui.DeviceUIPlugin-SHUTDOWN
2018-02-14 10:00:25,064 [Framework stop] DEBUG Studio for Android - org.eclipse.sequoyah.device.service.stop.StopServicePlugin-SHUTDOWN
2018-02-14 10:00:25,064 [Framework stop] DEBUG Studio for Android - org.eclipse.sequoyah.device.framework.DevicePlugin-SHUTDOWN
